<?xml version="1.0" encoding="UTF-8"?>
<!-- Generated by org.testng.reporters.JUnitReportReporter -->
<testsuite name="com.jenkins.integration.OpenGoogleYahoo" tests="2" time="14.904" ignored="0" failures="0" timestamp="10 Feb 2023 12:14:35 GMT" skipped="0" hostname="DESKTOP-BU3BUU7" errors="0">
  <testcase name="google" time="0.892" classname="com.jenkins.integration.OpenGoogleYahoo"/>
  <testcase name="yahoo" time="14.012" classname="com.jenkins.integration.OpenGoogleYahoo"/>
</testsuite> <!-- com.jenkins.integration.OpenGoogleYahoo -->
