<?xml version="1.0" encoding="UTF-8"?>
<!-- Generated by org.testng.reporters.JUnitReportReporter -->
<testsuite name="com.jenkins.integration.CnnFacebook" tests="2" time="9.373" ignored="0" failures="0" timestamp="10 Feb 2023 12:14:35 GMT" skipped="0" hostname="DESKTOP-BU3BUU7" errors="0">
  <testcase name="facebook" time="1.211" classname="com.jenkins.integration.CnnFacebook"/>
  <testcase name="cnn" time="8.162" classname="com.jenkins.integration.CnnFacebook"/>
</testsuite> <!-- com.jenkins.integration.CnnFacebook -->
