<?xml version="1.0" encoding="UTF-8"?>
<!-- Generated by org.testng.reporters.JUnitReportReporter -->
<testsuite name="com.jenkins.integration.OpenGoogle" tests="2" time="15.379" ignored="0" failures="0" timestamp="10 Feb 2023 06:43:22 GMT" skipped="0" hostname="DESKTOP-BU3BUU7" errors="0">
  <testcase name="yahoo" time="9.847" classname="com.jenkins.integration.OpenGoogle"/>
  <testcase name="google" time="5.532" classname="com.jenkins.integration.OpenGoogle"/>
</testsuite> <!-- com.jenkins.integration.OpenGoogle -->
